# JRE version: OpenJDK Runtime Environment (8.0_242-b01) (build 1.8.0_242-release-1644-b01)
# Java VM: OpenJDK 64-Bit Server VM (25.242-b01 mixed mode windows-amd64 compressed oops)
Heap:
 PSYoungGen      total 30720K, used 8432K [0x00000000f6100000, 0x00000000f8680000, 0x0000000100000000)
  eden space 24064K, 11% used [0x00000000f6100000,0x00000000f63cc668,0x00000000f7880000)
  from space 6656K, 83% used [0x00000000f8000000,0x00000000f856fb50,0x00000000f8680000)
  to   space 7168K, 0% used [0x00000000f7880000,0x00000000f7880000,0x00000000f7f80000)
 ParOldGen       total 23552K, used 10283K [0x00000000e2200000, 0x00000000e3900000, 0x00000000f6100000)
  object space 23552K, 43% used [0x00000000e2200000,0x00000000e2c0ae78,0x00000000e3900000)
 Metaspace       used 24087K, capacity 24542K, committed 24832K, reserved 1071104K
  class space    used 2864K, capacity 3021K, committed 3072K, reserved 1048576K
GC Heap History (10 events):
Event: 28.674 GC heap before
{Heap before GC invocations=7 (full 0):
 PSYoungGen      total 21504K, used 21381K [0x00000000f6100000, 0x00000000f8b00000, 0x0000000100000000)
  eden space 16384K, 100% used [0x00000000f6100000,0x00000000f7100000,0x00000000f7100000)
  from space 5120K, 97% used [0x00000000f8600000,0x00000000f8ae1760,0x00000000f8b00000)
  to   space 1024K, 0% used [0x00000000f7100000,0x00000000f7100000,0x00000000f7200000)
 ParOldGen       total 20480K, used 10484K [0x00000000e2200000, 0x00000000e3600000, 0x00000000f6100000)
  object space 20480K, 51% used [0x00000000e2200000,0x00000000e2c3d110,0x00000000e3600000)
 Metaspace       used 20118K, capacity 20496K, committed 20736K, reserved 1067008K
  class space    used 2355K, capacity 2490K, committed 2560K, reserved 1048576K
Event: 28.694 GC heap after
Heap after GC invocations=7 (full 0):
 PSYoungGen      total 17408K, used 992K [0x00000000f6100000, 0x00000000f8b00000, 0x0000000100000000)
  eden space 16384K, 0% used [0x00000000f6100000,0x00000000f6100000,0x00000000f7100000)
  from space 1024K, 96% used [0x00000000f7100000,0x00000000f71f8020,0x00000000f7200000)
  to   space 5120K, 0% used [0x00000000f8600000,0x00000000f8600000,0x00000000f8b00000)
 ParOldGen       total 20480K, used 15067K [0x00000000e2200000, 0x00000000e3600000, 0x00000000f6100000)
  object space 20480K, 73% used [0x00000000e2200000,0x00000000e30b6e00,0x00000000e3600000)
 Metaspace       used 20118K, capacity 20496K, committed 20736K, reserved 1067008K
  class space    used 2355K, capacity 2490K, committed 2560K, reserved 1048576K
}
Event: 28.909 GC heap before
{Heap before GC invocations=8 (full 0):
 PSYoungGen      total 17408K, used 3005K [0x00000000f6100000, 0x00000000f8b00000, 0x0000000100000000)
  eden space 16384K, 12% used [0x00000000f6100000,0x00000000f62f7598,0x00000000f7100000)
  from space 1024K, 96% used [0x00000000f7100000,0x00000000f71f8020,0x00000000f7200000)
  to   space 5120K, 0% used [0x00000000f8600000,0x00000000f8600000,0x00000000f8b00000)
 ParOldGen       total 20480K, used 15067K [0x00000000e2200000, 0x00000000e3600000, 0x00000000f6100000)
  object space 20480K, 73% used [0x00000000e2200000,0x00000000e30b6e00,0x00000000e3600000)
 Metaspace       used 20724K, capacity 21162K, committed 21296K, reserved 1069056K
  class space    used 2444K, capacity 2601K, committed 2688K, reserved 1048576K
Event: 28.916 GC heap after
Heap after GC invocations=8 (full 0):
 PSYoungGen      total 21504K, used 1085K [0x00000000f6100000, 0x00000000f8b00000, 0x0000000100000000)
  eden space 16384K, 0% used [0x00000000f6100000,0x00000000f6100000,0x00000000f7100000)
  from space 5120K, 21% used [0x00000000f8600000,0x00000000f870f608,0x00000000f8b00000)
  to   space 1024K, 0% used [0x00000000f7100000,0x00000000f7100000,0x00000000f7200000)
 ParOldGen       total 20480K, used 15403K [0x00000000e2200000, 0x00000000e3600000, 0x00000000f6100000)
  object space 20480K, 75% used [0x00000000e2200000,0x00000000e310ae00,0x00000000e3600000)
 Metaspace       used 20724K, capacity 21162K, committed 21296K, reserved 1069056K
  class space    used 2444K, capacity 2601K, committed 2688K, reserved 1048576K
}
Event: 28.916 GC heap before
{Heap before GC invocations=9 (full 1):
 PSYoungGen      total 21504K, used 1085K [0x00000000f6100000, 0x00000000f8b00000, 0x0000000100000000)
  eden space 16384K, 0% used [0x00000000f6100000,0x00000000f6100000,0x00000000f7100000)
  from space 5120K, 21% used [0x00000000f8600000,0x00000000f870f608,0x00000000f8b00000)
  to   space 1024K, 0% used [0x00000000f7100000,0x00000000f7100000,0x00000000f7200000)
 ParOldGen       total 20480K, used 15403K [0x00000000e2200000, 0x00000000e3600000, 0x00000000f6100000)
  object space 20480K, 75% used [0x00000000e2200000,0x00000000e310ae00,0x00000000e3600000)
 Metaspace       used 20724K, capacity 21162K, committed 21296K, reserved 1069056K
  class space    used 2444K, capacity 2601K, committed 2688K, reserved 1048576K
Event: 29.182 GC heap after
Heap after GC invocations=9 (full 1):
 PSYoungGen      total 21504K, used 0K [0x00000000f6100000, 0x00000000f8b00000, 0x0000000100000000)
  eden space 16384K, 0% used [0x00000000f6100000,0x00000000f6100000,0x00000000f7100000)
  from space 5120K, 0% used [0x00000000f8600000,0x00000000f8600000,0x00000000f8b00000)
  to   space 1024K, 0% used [0x00000000f7100000,0x00000000f7100000,0x00000000f7200000)
 ParOldGen       total 23552K, used 8124K [0x00000000e2200000, 0x00000000e3900000, 0x00000000f6100000)
  object space 23552K, 34% used [0x00000000e2200000,0x00000000e29ef268,0x00000000e3900000)
 Metaspace       used 20724K, capacity 21162K, committed 21296K, reserved 1069056K
  class space    used 2444K, capacity 2601K, committed 2688K, reserved 1048576K
}
Event: 32.995 GC heap before
{Heap before GC invocations=10 (full 1):
 PSYoungGen      total 21504K, used 16384K [0x00000000f6100000, 0x00000000f8b00000, 0x0000000100000000)
  eden space 16384K, 100% used [0x00000000f6100000,0x00000000f7100000,0x00000000f7100000)
  from space 5120K, 0% used [0x00000000f8600000,0x00000000f8600000,0x00000000f8b00000)
  to   space 1024K, 0% used [0x00000000f7100000,0x00000000f7100000,0x00000000f7200000)
 ParOldGen       total 23552K, used 8124K [0x00000000e2200000, 0x00000000e3900000, 0x00000000f6100000)
  object space 23552K, 34% used [0x00000000e2200000,0x00000000e29ef268,0x00000000e3900000)
 Metaspace       used 21418K, capacity 21916K, committed 22192K, reserved 1069056K
  class space    used 2543K, capacity 2700K, committed 2816K, reserved 1048576K
Event: 33.113 GC heap after
Heap after GC invocations=10 (full 1):
 PSYoungGen      total 17408K, used 1024K [0x00000000f6100000, 0x00000000f8680000, 0x0000000100000000)
  eden space 16384K, 0% used [0x00000000f6100000,0x00000000f6100000,0x00000000f7100000)
  from space 1024K, 100% used [0x00000000f7100000,0x00000000f7200000,0x00000000f7200000)
  to   space 6656K, 0% used [0x00000000f8000000,0x00000000f8000000,0x00000000f8680000)
 ParOldGen       total 23552K, used 10283K [0x00000000e2200000, 0x00000000e3900000, 0x00000000f6100000)
  object space 23552K, 43% used [0x00000000e2200000,0x00000000e2c0ae78,0x00000000e3900000)
 Metaspace       used 21418K, capacity 21916K, committed 22192K, reserved 1069056K
  class space    used 2543K, capacity 2700K, committed 2816K, reserved 1048576K
}
Event: 38.359 GC heap before
{Heap before GC invocations=11 (full 1):
 PSYoungGen      total 17408K, used 17408K [0x00000000f6100000, 0x00000000f8680000, 0x0000000100000000)
  eden space 16384K, 100% used [0x00000000f6100000,0x00000000f7100000,0x00000000f7100000)
  from space 1024K, 100% used [0x00000000f7100000,0x00000000f7200000,0x00000000f7200000)
  to   space 6656K, 0% used [0x00000000f8000000,0x00000000f8000000,0x00000000f8680000)
 ParOldGen       total 23552K, used 10283K [0x00000000e2200000, 0x00000000e3900000, 0x00000000f6100000)
  object space 23552K, 43% used [0x00000000e2200000,0x00000000e2c0ae78,0x00000000e3900000)
 Metaspace       used 23800K, capacity 24254K, committed 24576K, reserved 1071104K
  class space    used 2839K, capacity 2989K, committed 3072K, reserved 1048576K
Event: 38.400 GC heap after
Heap after GC invocations=11 (full 1):
 PSYoungGen      total 30720K, used 5566K [0x00000000f6100000, 0x00000000f8680000, 0x0000000100000000)
  eden space 24064K, 0% used [0x00000000f6100000,0x00000000f6100000,0x00000000f7880000)
  from space 6656K, 83% used [0x00000000f8000000,0x00000000f856fb50,0x00000000f8680000)
  to   space 7168K, 0% used [0x00000000f7880000,0x00000000f7880000,0x00000000f7f80000)
 ParOldGen       total 23552K, used 10283K [0x00000000e2200000, 0x00000000e3900000, 0x00000000f6100000)
  object space 23552K, 43% used [0x00000000e2200000,0x00000000e2c0ae78,0x00000000e3900000)
 Metaspace       used 23800K, capacity 24254K, committed 24576K, reserved 1071104K
  class space    used 2839K, capacity 2989K, committed 3072K, reserved 1048576K
}

